<?xml version="1.0" encoding="UTF-8"?>
<testsuite xmlns:xsi="http://www.w3.org/2001/XMLSchema-instance" xsi:noNamespaceSchemaLocation="https://maven.apache.org/surefire/maven-surefire-plugin/xsd/surefire-test-report-3.0.xsd" version="3.0" name="com.example.runner.testNGtestRunner" time="6.894" tests="1" errors="0" skipped="0" failures="0">
  <properties>
[...]
</properties>
  <testcase name="runScenario[&quot;Testcase 2&quot;, &quot;To test my DBB framework&quot;](1)" classname="com.example.runner.testNGtestRunner" time="5.481">
    <system-out><![CDATA[2024-07-03 10:37:25 INFO  Reusables:22 - openBrowser method called
2024-07-03 10:37:25 DEBUG WebDriverManager:227 - Using WebDriverManager 5.9.1
2024-07-03 10:37:26 DEBUG ResolutionCache:186 - Resolution chrome=126 in cache (valid until 11:08:55 03/07/2024 IST)
2024-07-03 10:37:26 DEBUG ResolutionCache:186 - Resolution chrome126=126.0.6478.126 in cache (valid until 10:08:55 04/07/2024 IST)
2024-07-03 10:37:26 INFO  WebDriverManager:1220 - Using chromedriver 126.0.6478.126 (resolved driver for Chrome 126)
2024-07-03 10:37:26 DEBUG WebDriverManager:1179 - Driver chromedriver 126.0.6478.126 found in cache
2024-07-03 10:37:26 INFO  WebDriverManager:1282 - Exporting webdriver.chrome.driver as C:\Users\shann\.cache\selenium\chromedriver\win64\126.0.6478.126\chromedriver.exe
2024-07-03 10:37:27 INFO  Reusables:26 - openBrowser method executed
2024-07-03 10:37:27 INFO  Reusables:75 - navigateToURL method called
2024-07-03 10:37:30 INFO  Reusables:77 - navigateToURL method executed
2024-07-03 10:37:30 INFO  Reusables:48 - visibleWaitCondition method called
2024-07-03 10:37:30 INFO  Reusables:51 - visibleWaitCondition method executed
2024-07-03 10:37:30 INFO  Reusables:48 - visibleWaitCondition method called
2024-07-03 10:37:30 INFO  Reusables:51 - visibleWaitCondition method executed
2024-07-03 10:37:31 INFO  Reusables:33 - Scenario Name --> Testcase 2
]]></system-out>
  </testcase>
</testsuite>