<?xml version="1.0" encoding="UTF-8"?>
<testng-results ignored="0" total="1" passed="1" failed="0" skipped="0">
  <reporter-output>
  </reporter-output>
  <suite started-at="2024-07-24T11:09:00 IST" name="Surefire suite" finished-at="2024-07-24T11:09:43 IST" duration-ms="43404">
    <groups>
      <group name="cucumber">
        <method signature="AbstractTestNGCucumberTests.runScenario(io.cucumber.testng.PickleWrapper,io.cucumber.testng.FeatureWrapper)[pri:0, instance:com.example.runner.testNGtestRunner@71454b9d]" name="runScenario" class="io.cucumber.testng.AbstractTestNGCucumberTests"/>
      </group> <!-- cucumber -->
    </groups>
    <test started-at="2024-07-24T11:09:00 IST" name="Surefire test" finished-at="2024-07-24T11:09:43 IST" duration-ms="43404">
      <class name="com.example.runner.testNGtestRunner">
        <test-method is-config="true" signature="startNodes()[pri:0, instance:com.example.runner.testNGtestRunner@71454b9d]" started-at="2024-07-24T11:09:00 IST" name="startNodes" finished-at="2024-07-24T11:09:01 IST" duration-ms="937" status="PASS">
          <reporter-output>
          </reporter-output>
        </test-method> <!-- startNodes -->
        <test-method is-config="true" signature="setUpClass(org.testng.ITestContext)[pri:0, instance:com.example.runner.testNGtestRunner@71454b9d]" started-at="2024-07-24T11:09:01 IST" name="setUpClass" finished-at="2024-07-24T11:09:02 IST" duration-ms="1146" status="PASS">
          <params>
            <param index="0">
              <value>
                <![CDATA[org.testng.TestRunner@329dc214]]>
              </value>
            </param>
          </params>
          <reporter-output>
          </reporter-output>
        </test-method> <!-- setUpClass -->
        <test-method signature="runScenario(io.cucumber.testng.PickleWrapper,io.cucumber.testng.FeatureWrapper)[pri:0, instance:com.example.runner.testNGtestRunner@71454b9d]" started-at="2024-07-24T11:09:02 IST" name="runScenario" description="Runs Cucumber Scenarios" data-provider="scenarios" finished-at="2024-07-24T11:09:40 IST" duration-ms="38694" status="PASS">
          <params>
            <param index="0">
              <value>
                <![CDATA["Docker testing"]]>
              </value>
            </param>
            <param index="1">
              <value>
                <![CDATA["To test my DBB framework"]]>
              </value>
            </param>
          </params>
          <reporter-output>
          </reporter-output>
        </test-method> <!-- runScenario -->
        <test-method is-config="true" signature="tearDownClass()[pri:0, instance:com.example.runner.testNGtestRunner@71454b9d]" started-at="2024-07-24T11:09:40 IST" name="tearDownClass" finished-at="2024-07-24T11:09:42 IST" duration-ms="1047" status="PASS">
          <reporter-output>
          </reporter-output>
        </test-method> <!-- tearDownClass -->
        <test-method is-config="true" signature="stopNodes()[pri:0, instance:com.example.runner.testNGtestRunner@71454b9d]" started-at="2024-07-24T11:09:42 IST" name="stopNodes" finished-at="2024-07-24T11:09:43 IST" duration-ms="1502" status="PASS">
          <reporter-output>
          </reporter-output>
        </test-method> <!-- stopNodes -->
      </class> <!-- com.example.runner.testNGtestRunner -->
    </test> <!-- Surefire test -->
  </suite> <!-- Surefire suite -->
</testng-results>
